RAG API: 90.79250645637512
Outline API: 16.464242696762085
RAG API: 0.9307146072387695
RAG API: 0.19692492485046387
RAG API: 0.16974616050720215
RAG API: 0.169663667678833
RAG API: 0.1724834442138672
RAG API: 0.40152859687805176
RAG API: 0.17132282257080078
RAG API: 0.17042088508605957
RAG API: 0.17012262344360352
RAG API: 0.18378329277038574
RAG API: 0.34382176399230957
RAG API: 0.16932249069213867
RAG API: 0.1686868667602539
RAG API: 0.16926193237304688
RAG API: 0.17089509963989258
RAG API: 0.1750016212463379
RAG API: 0.1724846363067627
RAG API: 0.1701042652130127
RAG API: 0.17836856842041016
RAG API: 0.1727001667022705
RAG API: 0.17323780059814453
RAG API: 0.16775774955749512
RAG API: 0.1678295135498047
RAG API: 0.16827893257141113
RAG API: 0.17138886451721191
SubOutline API: 23.5387442111969
RAG API: 90.57998132705688
RAG API: 1.3888261318206787
RAG API: 1.4465415477752686
RAG API: 1.7727506160736084
RAG API: 1.6806635856628418
RAG API: 1.2716107368469238
RAG API: 1.6699957847595215
RAG API: 2.207918405532837
RAG API: 2.1311256885528564
RAG API: 2.1992387771606445
RAG API: 2.024326801300049
RAG API: 2.2205913066864014
RAG API: 1.5293874740600586
RAG API: 1.5201616287231445
RAG API: 1.744875431060791
RAG API: 1.70819091796875
RAG API: 1.6321077346801758
RAG API: 1.664609432220459
RAG API: 1.7804460525512695
RAG API: 1.5844719409942627
RAG API: 1.6759734153747559
RAG API: 1.8654003143310547
RAG API: 1.6037662029266357
RAG API: 1.579843282699585
RAG API: 1.602003574371338
RAG API: 1.716214656829834
RAG API: 1.7649972438812256
RAG API: 1.6706609725952148
RAG API: 2.2005064487457275
Content API: 8.085988998413086
Content Check API: 7.430728912353516
Content API: 21.341471910476685
Content API: 21.297278881072998
Content API: 21.431405782699585
Content API: 24.424479722976685
Content API: 25.578056812286377
Content API: 29.311861038208008
Content Check API: 9.14106822013855
Content Check API: 14.225874900817871
Content Check API: 15.4758939743042
Content Check API: 22.03493642807007
Content Check API: 25.15404486656189
Content Check API: 18.964309453964233
RAG API: 13.993242740631104
RAG API: 14.663835763931274
