RAG API: 90.68818068504333
Outline API: 17.8108491897583
RAG API: 0.6073915958404541
RAG API: 0.17445874214172363
RAG API: 0.17316150665283203
RAG API: 0.17298150062561035
RAG API: 0.17603850364685059
RAG API: 0.17892885208129883
RAG API: 0.19054770469665527
RAG API: 0.17650175094604492
RAG API: 0.18517041206359863
RAG API: 0.6079123020172119
RAG API: 0.17654967308044434
RAG API: 0.18032360076904297
RAG API: 0.18970465660095215
RAG API: 0.1735985279083252
RAG API: 0.1751995086669922
RAG API: 0.17391371726989746
RAG API: 0.17391276359558105
RAG API: 0.1753404140472412
RAG API: 0.17548108100891113
RAG API: 0.1754903793334961
RAG API: 0.17702913284301758
RAG API: 0.17871379852294922
RAG API: 0.1779012680053711
RAG API: 0.17677021026611328
RAG API: 0.17898249626159668
SubOutline API: 19.99909496307373
RAG API: 90.86794233322144
RAG API: 1.7371177673339844
RAG API: 1.746934175491333
RAG API: 1.8397712707519531
RAG API: 1.763232946395874
RAG API: 1.6773903369903564
RAG API: 1.8354368209838867
RAG API: 1.6839439868927002
RAG API: 2.2654411792755127
RAG API: 2.2596969604492188
RAG API: 1.7294132709503174
RAG API: 2.347196340560913
RAG API: 2.3725204467773438
RAG API: 1.940934419631958
RAG API: 1.7460870742797852
RAG API: 1.6388490200042725
RAG API: 1.7923004627227783
RAG API: 1.6357929706573486
RAG API: 1.663677453994751
RAG API: 1.8349332809448242
RAG API: 1.7377068996429443
RAG API: 1.736785650253296
RAG API: 1.676100254058838
RAG API: 1.7066867351531982
RAG API: 1.7420575618743896
RAG API: 1.6565568447113037
RAG API: 1.5734906196594238
RAG API: 1.6963660717010498
RAG API: 1.6389210224151611
RAG API: 2.3305721282958984
RAG API: 2.268022060394287
RAG API: 2.310938596725464
RAG API: 2.371798276901245
RAG API: 2.313680410385132
RAG API: 1.836092472076416
Content API: 7.4276416301727295
Content API: 13.907110929489136
Content Check API: 8.080942869186401
Content API: 17.87627387046814
Content API: 18.95378851890564
Content API: 22.251774787902832
Content API: 22.746274709701538
Content Check API: 13.107446432113647
Content API: 29.391319036483765
Content Check API: 16.34027624130249
Content Check API: 16.032434225082397
Content API: 39.78677701950073
Content Check API: 18.329264879226685
Content Check API: 30.05832552909851
Content Check API: 34.14848017692566
Content Check API: 20.177046537399292
RAG API: 29.89308476448059
RAG API: 29.592410802841187
