Experiment Start Time: 2025-10-16 10:30:27
==================================================

Topic: Progress in Terrain Traversal Robots for Complex Disaster Environments, Exp 1
Start: 2025-10-16 10:30:27
End: 2025-10-16 10:40:09
Duration: 0:09:42.375160
OutlineWriter Input token usage: 6939
OutlineWriter Output token usage: 1753
SubsectionWriter Input token usage: 786487
SubsectionWriter Output token usage: 78077
--------------------------------------------------

Topic Summary: Progress in Terrain Traversal Robots for Complex Disaster Environments
Total Duration: 0:09:47.382941
Successful Experiments: 1/10
==================================================

Final Summary
==================================================
Total Start Time: 2025-10-16 10:30:27
Total End Time: 2025-10-16 10:40:14
Total Duration: 0:09:47.383267
Total Topics: 1
